2018-06-11T03:30:44,561 INFO  [main] Business (addJoke():62)   - sql time stamp: 1970-01-01 00:00:00.0
2018-06-11T03:30:44,574 INFO  [main] Business (retrieveJoke():42)   - sql time stamp: 1970-01-01 00:00:00.0
2018-06-11T03:30:44,578 INFO  [main] Business (retrieveJoke():46)   - number of jokes returned: 0
2018-06-11T03:30:44,579 WARN  [main] Business (retrieveJoke():54)   - No Joke For Today
2018-06-11T03:30:44,585 INFO  [main] Business (addJoke():73)   - Adding joke , 0,  
2018-06-11T03:30:44,834 INFO  [main] RestService (addJoke():81)   - addJoke
2018-06-11T03:30:44,834 INFO  [main] RestService (addJoke():88)   - addJoke: joke: JokeOfTheDay [joke=joke, description=desc], desc: {}
2018-06-11T03:30:44,835 INFO  [main] RestService (getStartOfTodayMs():141)   - Start of today = 2018-06-11T00:00:00.000+0000
2018-06-11T03:30:44,873 INFO  [main] RestService (getStartOfTodayMs():141)   - Start of today = 2018-06-11T00:00:00.000+0000
2018-06-11T03:51:12,133 INFO  [main] Business (addJoke():62)   - sql time stamp: 1970-01-01 00:00:00.0
2018-06-11T03:51:12,143 INFO  [main] Business (retrieveJoke():42)   - sql time stamp: 1970-01-01 00:00:00.0
2018-06-11T03:51:12,146 INFO  [main] Business (retrieveJoke():46)   - number of jokes returned: 0
2018-06-11T03:51:12,147 WARN  [main] Business (retrieveJoke():54)   - No Joke For Today
2018-06-11T03:51:12,148 INFO  [main] Business (addJoke():73)   - Adding joke , 0,  
2018-06-11T03:51:12,339 INFO  [main] RestService (addJoke():81)   - addJoke
2018-06-11T03:51:12,339 INFO  [main] RestService (addJoke():88)   - addJoke: joke: JokeOfTheDay [joke=joke, description=desc], desc: {}
2018-06-11T03:51:12,340 INFO  [main] RestService (getStartOfTodayMs():141)   - Start of today = 2018-06-11T00:00:00.000+0000
2018-06-11T03:51:12,346 INFO  [main] RestService (getStartOfTodayMs():141)   - Start of today = 2018-06-11T00:00:00.000+0000
2018-06-11T13:24:53,738 INFO  [main] SpringMain (<init>():21)   - Started Spring Context
2018-06-11T13:25:41,625 INFO  [qtp839771540-17] RestService (getStartOfTodayMs():141)   - Start of today = 2018-06-11T00:00:00.000+0000
2018-06-11T13:25:41,626 INFO  [qtp839771540-17] RestService (getJoke():67)   - getJoke: date: 1528675200000
2018-06-11T13:25:41,627 INFO  [qtp839771540-17] Business (retrieveJoke():42)   - sql time stamp: 2018-06-11 00:00:00.0
2018-06-11T13:25:42,298 INFO  [qtp839771540-17] Business (retrieveJoke():46)   - number of jokes returned: 0
2018-06-11T13:25:42,299 WARN  [qtp839771540-17] Business (retrieveJoke():54)   - No Joke For Today
2018-06-11T13:25:42,299 INFO  [qtp839771540-17] RestService (getJoke():71)   - getJoke: JokeOfTheDay [joke=No Joke, description=No Desc]
2018-06-11T13:26:38,766 INFO  [qtp839771540-17] RestService (addJoke():81)   - addJoke
2018-06-11T13:26:38,767 INFO  [qtp839771540-17] RestService (addJoke():88)   - addJoke: joke: JokeOfTheDay [joke=Monday's first joke, description=], desc: {}
2018-06-11T13:26:38,767 INFO  [qtp839771540-17] RestService (getStartOfTodayMs():141)   - Start of today = 2018-06-11T00:00:00.000+0000
2018-06-11T13:26:38,767 INFO  [qtp839771540-17] Business (addJoke():62)   - sql time stamp: 2018-06-11 00:00:00.0
2018-06-11T13:26:38,768 INFO  [qtp839771540-17] Business (retrieveJoke():42)   - sql time stamp: 2018-06-11 00:00:00.0
2018-06-11T13:26:39,138 INFO  [qtp839771540-17] Business (retrieveJoke():46)   - number of jokes returned: 0
2018-06-11T13:26:39,139 WARN  [qtp839771540-17] Business (retrieveJoke():54)   - No Joke For Today
2018-06-11T13:26:39,139 INFO  [qtp839771540-17] Business (addJoke():73)   - Adding joke Monday's first joke, 1528675200000,  
2018-06-11T13:26:54,377 INFO  [qtp839771540-17] RestService (getStartOfTodayMs():141)   - Start of today = 2018-06-11T00:00:00.000+0000
2018-06-11T13:26:54,378 INFO  [qtp839771540-17] RestService (getJoke():67)   - getJoke: date: 1528675200000
2018-06-11T13:26:54,378 INFO  [qtp839771540-17] Business (retrieveJoke():42)   - sql time stamp: 2018-06-11 00:00:00.0
2018-06-11T13:26:54,683 INFO  [qtp839771540-17] Business (retrieveJoke():46)   - number of jokes returned: 1
2018-06-11T13:26:54,683 INFO  [qtp839771540-17] Business (retrieveJoke():51)   - retrieved joke Monday's first joke, 1528675200000,  
2018-06-11T13:26:54,684 INFO  [qtp839771540-17] RestService (getJoke():71)   - getJoke: JokeOfTheDay [joke=Monday's first joke, description=]
2018-06-11T13:27:45,198 INFO  [qtp839771540-20] RestService (getStartOfTodayMs():141)   - Start of today = 2018-06-11T00:00:00.000+0000
2018-06-11T13:27:45,198 INFO  [qtp839771540-20] RestService (getJoke():67)   - getJoke: date: 1528675200000
2018-06-11T13:27:45,199 INFO  [qtp839771540-20] Business (retrieveJoke():42)   - sql time stamp: 2018-06-11 00:00:00.0
2018-06-11T13:27:45,576 INFO  [qtp839771540-20] Business (retrieveJoke():46)   - number of jokes returned: 1
2018-06-11T13:27:45,577 INFO  [qtp839771540-20] Business (retrieveJoke():51)   - retrieved joke Monday's first joke, 1528675200000,  
2018-06-11T13:27:45,577 INFO  [qtp839771540-20] RestService (getJoke():71)   - getJoke: JokeOfTheDay [joke=Monday's first joke, description=]
2018-06-11T13:29:39,387 INFO  [qtp839771540-19] RestService (getStartOfTodayMs():141)   - Start of today = 2018-06-11T00:00:00.000+0000
2018-06-11T13:29:39,388 INFO  [qtp839771540-19] RestService (getJoke():67)   - getJoke: date: 1528675200000
2018-06-11T13:29:39,392 INFO  [qtp839771540-19] Business (retrieveJoke():42)   - sql time stamp: 2018-06-11 00:00:00.0
2018-06-11T13:29:39,808 INFO  [qtp839771540-19] Business (retrieveJoke():46)   - number of jokes returned: 1
2018-06-11T13:29:39,808 INFO  [qtp839771540-19] Business (retrieveJoke():51)   - retrieved joke Monday's first joke, 1528675200000,  
2018-06-11T13:29:39,809 INFO  [qtp839771540-19] RestService (getJoke():71)   - getJoke: JokeOfTheDay [joke=Monday's first joke, description=]
2018-06-11T13:30:50,303 INFO  [qtp839771540-17] RestService (getStartOfTodayMs():141)   - Start of today = 2018-06-11T00:00:00.000+0000
2018-06-11T13:30:50,307 INFO  [qtp839771540-17] RestService (getJoke():67)   - getJoke: date: 1528675200000
2018-06-11T13:30:50,307 INFO  [qtp839771540-17] Business (retrieveJoke():42)   - sql time stamp: 2018-06-11 00:00:00.0
2018-06-11T13:30:50,656 INFO  [qtp839771540-17] Business (retrieveJoke():46)   - number of jokes returned: 1
2018-06-11T13:30:50,657 INFO  [qtp839771540-17] Business (retrieveJoke():51)   - retrieved joke Monday's first joke, 1528675200000,  
2018-06-11T13:30:50,657 INFO  [qtp839771540-17] RestService (getJoke():71)   - getJoke: JokeOfTheDay [joke=Monday's first joke, description=]
2018-06-11T13:31:58,225 INFO  [qtp839771540-18] RestService (getStartOfTodayMs():141)   - Start of today = 2018-06-11T00:00:00.000+0000
2018-06-11T13:31:58,225 INFO  [qtp839771540-18] RestService (deleteJoke():126)   - Delete Joke: date: 1528675200000
2018-06-11T13:31:58,226 INFO  [qtp839771540-18] Business (deleteJoke():80)   - sql time stamp: 2018-06-11 00:00:00.0
2018-06-11T13:31:58,226 INFO  [qtp839771540-18] Business (deleteJoke():82)   - Deleting joke 1528675200000
2018-06-11T13:32:07,329 INFO  [qtp839771540-17] RestService (getStartOfTodayMs():141)   - Start of today = 2018-06-11T00:00:00.000+0000
2018-06-11T13:32:07,329 INFO  [qtp839771540-17] RestService (getJoke():67)   - getJoke: date: 1528675200000
2018-06-11T13:32:07,330 INFO  [qtp839771540-17] Business (retrieveJoke():42)   - sql time stamp: 2018-06-11 00:00:00.0
2018-06-11T13:32:07,643 INFO  [qtp839771540-17] Business (retrieveJoke():46)   - number of jokes returned: 0
2018-06-11T13:32:07,643 WARN  [qtp839771540-17] Business (retrieveJoke():54)   - No Joke For Today
2018-06-11T13:32:07,643 INFO  [qtp839771540-17] RestService (getJoke():71)   - getJoke: JokeOfTheDay [joke=No Joke, description=No Desc]
2018-06-26T20:00:15,099 INFO  [main] Business (addJoke():62)   - sql time stamp: 1970-01-01 00:00:00.0
2018-06-26T20:00:15,122 INFO  [main] Business (retrieveJoke():42)   - sql time stamp: 1970-01-01 00:00:00.0
2018-06-26T20:00:15,173 INFO  [main] Business (retrieveJoke():46)   - number of jokes returned: 0
2018-06-26T20:00:15,175 WARN  [main] Business (retrieveJoke():54)   - No Joke For Today
2018-06-26T20:00:15,184 INFO  [main] Business (addJoke():73)   - Adding joke , 0,  
2018-06-26T20:00:15,475 INFO  [main] RestService (addJoke():81)   - addJoke
2018-06-26T20:00:15,476 INFO  [main] RestService (addJoke():88)   - addJoke: joke: JokeOfTheDay [joke=joke, description=desc], desc: {}
2018-06-26T20:00:15,476 INFO  [main] RestService (getStartOfTodayMs():141)   - Start of today = 2018-06-26T00:00:00.000+0000
2018-06-26T20:00:15,486 INFO  [main] RestService (getStartOfTodayMs():141)   - Start of today = 2018-06-26T00:00:00.000+0000
